2023-05-03 00:19:11.751  INFO 1776 --- [http-nio-8888-exec-4] com.fyd.demo.TestController              : hi,spring boot log
2023-05-03 00:19:12.736  INFO 1776 --- [File Watcher] rtingClassPathChangeChangedEventListener : Restarting due to 1 class path change (0 additions, 0 deletions, 1 modification)
2023-05-03 00:19:12.830  INFO 1776 --- [Thread-6] o.apache.catalina.core.StandardService   : Stopping service [Tomcat]
2023-05-03 00:19:12.833  INFO 1776 --- [Thread-6] o.a.c.c.C.[Tomcat].[localhost].[/]       : Destroying Spring FrameworkServlet 'dispatcherServlet'
2023-05-03 00:19:12.835  WARN 1776 --- [Thread-6] o.a.c.loader.WebappClassLoaderBase       : The web application [ROOT] appears to have started a thread named [logback-1] but has failed to stop it. This is very likely to create a memory leak. Stack trace of thread:
 sun.misc.Unsafe.park(Native Method)
 java.util.concurrent.locks.LockSupport.park(LockSupport.java:175)
 java.util.concurrent.locks.AbstractQueuedSynchronizer$ConditionObject.await(AbstractQueuedSynchronizer.java:2039)
 java.util.concurrent.ScheduledThreadPoolExecutor$DelayedWorkQueue.take(ScheduledThreadPoolExecutor.java:1081)
 java.util.concurrent.ScheduledThreadPoolExecutor$DelayedWorkQueue.take(ScheduledThreadPoolExecutor.java:809)
 java.util.concurrent.ThreadPoolExecutor.getTask(ThreadPoolExecutor.java:1074)
 java.util.concurrent.ThreadPoolExecutor.runWorker(ThreadPoolExecutor.java:1134)
 java.util.concurrent.ThreadPoolExecutor$Worker.run(ThreadPoolExecutor.java:624)
 java.lang.Thread.run(Thread.java:750)
2023-05-03 00:19:12.836  WARN 1776 --- [Thread-6] o.a.c.loader.WebappClassLoaderBase       : The web application [ROOT] appears to have started a thread named [logback-2] but has failed to stop it. This is very likely to create a memory leak. Stack trace of thread:
 sun.misc.Unsafe.park(Native Method)
 java.util.concurrent.locks.LockSupport.park(LockSupport.java:175)
 java.util.concurrent.locks.AbstractQueuedSynchronizer$ConditionObject.await(AbstractQueuedSynchronizer.java:2039)
 java.util.concurrent.ScheduledThreadPoolExecutor$DelayedWorkQueue.take(ScheduledThreadPoolExecutor.java:1081)
 java.util.concurrent.ScheduledThreadPoolExecutor$DelayedWorkQueue.take(ScheduledThreadPoolExecutor.java:809)
 java.util.concurrent.ThreadPoolExecutor.getTask(ThreadPoolExecutor.java:1074)
 java.util.concurrent.ThreadPoolExecutor.runWorker(ThreadPoolExecutor.java:1134)
 java.util.concurrent.ThreadPoolExecutor$Worker.run(ThreadPoolExecutor.java:624)
 java.lang.Thread.run(Thread.java:750)
2023-05-03 00:19:12.910  INFO 1776 --- [restartedMain] com.fyd.demo.DemoApplication             : Starting DemoApplication using Java 1.8.0_351 on qqq with PID 1776 (C:\code\bitjava\spring\springboot-demo\target\classes started by 33275 in C:\code\bitjava\spring\springboot-demo)
2023-05-03 00:19:12.910  INFO 1776 --- [restartedMain] com.fyd.demo.DemoApplication             : The following 1 profile is active: "dev"
2023-05-03 00:19:12.996  INFO 1776 --- [restartedMain] o.s.b.w.embedded.tomcat.TomcatWebServer  : Tomcat initialized with port(s): 8888 (http)
2023-05-03 00:19:12.996  INFO 1776 --- [restartedMain] o.a.catalina.core.AprLifecycleListener   : Loaded Apache Tomcat Native library [1.2.35] using APR version [1.7.0].
2023-05-03 00:19:12.996  INFO 1776 --- [restartedMain] o.a.catalina.core.AprLifecycleListener   : APR capabilities: IPv6 [true], sendfile [true], accept filters [false], random [true], UDS [true].
2023-05-03 00:19:12.996  INFO 1776 --- [restartedMain] o.a.catalina.core.AprLifecycleListener   : APR/OpenSSL configuration: useAprConnector [false], useOpenSSL [true]
2023-05-03 00:19:12.996  INFO 1776 --- [restartedMain] o.a.catalina.core.AprLifecycleListener   : OpenSSL successfully initialized [OpenSSL 1.1.1q  5 Jul 2022]
2023-05-03 00:19:12.996  INFO 1776 --- [restartedMain] o.apache.catalina.core.StandardService   : Starting service [Tomcat]
2023-05-03 00:19:12.996  INFO 1776 --- [restartedMain] org.apache.catalina.core.StandardEngine  : Starting Servlet engine: [Apache Tomcat/9.0.74]
2023-05-03 00:19:13.005  INFO 1776 --- [restartedMain] o.a.c.c.C.[Tomcat].[localhost].[/]       : Initializing Spring embedded WebApplicationContext
2023-05-03 00:19:13.005  INFO 1776 --- [restartedMain] w.s.c.ServletWebServerApplicationContext : Root WebApplicationContext: initialization completed in 94 ms
2023-05-03 00:19:13.038  INFO 1776 --- [restartedMain] o.s.b.d.a.OptionalLiveReloadServer       : LiveReload server is running on port 35729
2023-05-03 00:19:13.041  INFO 1776 --- [restartedMain] o.s.b.w.embedded.tomcat.TomcatWebServer  : Tomcat started on port(s): 8888 (http) with context path ''
2023-05-03 00:19:13.043  INFO 1776 --- [restartedMain] com.fyd.demo.DemoApplication             : Started DemoApplication in 0.149 seconds (JVM running for 3633.834)
2023-05-03 00:19:13.044  INFO 1776 --- [restartedMain] .ConditionEvaluationDeltaLoggingListener : Condition evaluation unchanged
2023-05-03 00:19:17.970  INFO 1776 --- [http-nio-8888-exec-1] o.a.c.c.C.[Tomcat].[localhost].[/]       : Initializing Spring DispatcherServlet 'dispatcherServlet'
2023-05-03 00:19:17.970  INFO 1776 --- [http-nio-8888-exec-1] o.s.web.servlet.DispatcherServlet        : Initializing Servlet 'dispatcherServlet'
2023-05-03 00:19:17.971  INFO 1776 --- [http-nio-8888-exec-1] o.s.web.servlet.DispatcherServlet        : Completed initialization in 1 ms
2023-05-03 00:19:17.972  INFO 1776 --- [http-nio-8888-exec-1] com.fyd.demo.TestController              : hi,spring boot info
2023-05-03 00:19:17.972  WARN 1776 --- [http-nio-8888-exec-1] com.fyd.demo.TestController              : hi,spring boot warn
2023-05-03 00:19:17.972 ERROR 1776 --- [http-nio-8888-exec-1] com.fyd.demo.TestController              : hi,spring boot error
2023-05-03 00:26:51.108  INFO 1776 --- [File Watcher] rtingClassPathChangeChangedEventListener : Restarting due to 1 class path change (0 additions, 0 deletions, 1 modification)
2023-05-03 00:26:51.209  INFO 1776 --- [Thread-12] o.apache.catalina.core.StandardService   : Stopping service [Tomcat]
2023-05-03 00:26:51.209  INFO 1776 --- [Thread-12] o.a.c.c.C.[Tomcat].[localhost].[/]       : Destroying Spring FrameworkServlet 'dispatcherServlet'
2023-05-03 00:26:51.297 ERROR 1776 --- [restartedMain] o.s.boot.SpringApplication               : Application run failed

org.yaml.snakeyaml.constructor.DuplicateKeyException: while constructing a mapping
 in 'reader', line 3, column 1:
    mystring: gfy
    ^
found duplicate key logging
 in 'reader', line 12, column 1:
    logging:
    ^

	at org.yaml.snakeyaml.constructor.SafeConstructor.processDuplicateKeys(SafeConstructor.java:105) ~[snakeyaml-1.30.jar:na]
	at org.yaml.snakeyaml.constructor.SafeConstructor.flattenMapping(SafeConstructor.java:76) ~[snakeyaml-1.30.jar:na]
	at org.yaml.snakeyaml.constructor.SafeConstructor.constructMapping2ndStep(SafeConstructor.java:189) ~[snakeyaml-1.30.jar:na]
	at org.yaml.snakeyaml.constructor.BaseConstructor.constructMapping(BaseConstructor.java:461) ~[snakeyaml-1.30.jar:na]
	at org.yaml.snakeyaml.constructor.SafeConstructor$ConstructYamlMap.construct(SafeConstructor.java:556) ~[snakeyaml-1.30.jar:na]
	at org.yaml.snakeyaml.constructor.BaseConstructor.constructObjectNoCheck(BaseConstructor.java:230) ~[snakeyaml-1.30.jar:na]
	at org.yaml.snakeyaml.constructor.BaseConstructor.constructObject(BaseConstructor.java:220) ~[snakeyaml-1.30.jar:na]
	at org.springframework.boot.env.OriginTrackedYamlLoader$OriginTrackingConstructor.constructObject(OriginTrackedYamlLoader.java:123) ~[spring-boot-2.7.11.jar:2.7.11]
	at org.yaml.snakeyaml.constructor.BaseConstructor.constructDocument(BaseConstructor.java:174) ~[snakeyaml-1.30.jar:na]
	at org.yaml.snakeyaml.constructor.BaseConstructor.getData(BaseConstructor.java:139) ~[snakeyaml-1.30.jar:na]
	at org.springframework.boot.env.OriginTrackedYamlLoader$OriginTrackingConstructor.getData(OriginTrackedYamlLoader.java:103) ~[spring-boot-2.7.11.jar:2.7.11]
	at org.yaml.snakeyaml.Yaml$1.next(Yaml.java:514) ~[snakeyaml-1.30.jar:na]
	at org.springframework.beans.factory.config.YamlProcessor.process(YamlProcessor.java:199) ~[spring-beans-5.3.27.jar:5.3.27]
	at org.springframework.beans.factory.config.YamlProcessor.process(YamlProcessor.java:166) ~[spring-beans-5.3.27.jar:5.3.27]
	at org.springframework.boot.env.OriginTrackedYamlLoader.load(OriginTrackedYamlLoader.java:88) ~[spring-boot-2.7.11.jar:2.7.11]
	at org.springframework.boot.env.YamlPropertySourceLoader.load(YamlPropertySourceLoader.java:50) ~[spring-boot-2.7.11.jar:2.7.11]
	at org.springframework.boot.context.config.StandardConfigDataLoader.load(StandardConfigDataLoader.java:54) ~[spring-boot-2.7.11.jar:2.7.11]
	at org.springframework.boot.context.config.StandardConfigDataLoader.load(StandardConfigDataLoader.java:36) ~[spring-boot-2.7.11.jar:2.7.11]
	at org.springframework.boot.context.config.ConfigDataLoaders.load(ConfigDataLoaders.java:108) ~[spring-boot-2.7.11.jar:2.7.11]
	at org.springframework.boot.context.config.ConfigDataImporter.load(ConfigDataImporter.java:132) ~[spring-boot-2.7.11.jar:2.7.11]
	at org.springframework.boot.context.config.ConfigDataImporter.resolveAndLoad(ConfigDataImporter.java:87) ~[spring-boot-2.7.11.jar:2.7.11]
	at org.springframework.boot.context.config.ConfigDataEnvironmentContributors.withProcessedImports(ConfigDataEnvironmentContributors.java:116) ~[spring-boot-2.7.11.jar:2.7.11]
	at org.springframework.boot.context.config.ConfigDataEnvironment.processInitial(ConfigDataEnvironment.java:240) ~[spring-boot-2.7.11.jar:2.7.11]
	at org.springframework.boot.context.config.ConfigDataEnvironment.processAndApply(ConfigDataEnvironment.java:227) ~[spring-boot-2.7.11.jar:2.7.11]
	at org.springframework.boot.context.config.ConfigDataEnvironmentPostProcessor.postProcessEnvironment(ConfigDataEnvironmentPostProcessor.java:102) ~[spring-boot-2.7.11.jar:2.7.11]
	at org.springframework.boot.context.config.ConfigDataEnvironmentPostProcessor.postProcessEnvironment(ConfigDataEnvironmentPostProcessor.java:94) ~[spring-boot-2.7.11.jar:2.7.11]
	at org.springframework.boot.env.EnvironmentPostProcessorApplicationListener.onApplicationEnvironmentPreparedEvent(EnvironmentPostProcessorApplicationListener.java:102) ~[spring-boot-2.7.11.jar:2.7.11]
	at org.springframework.boot.env.EnvironmentPostProcessorApplicationListener.onApplicationEvent(EnvironmentPostProcessorApplicationListener.java:87) ~[spring-boot-2.7.11.jar:2.7.11]
	at org.springframework.context.event.SimpleApplicationEventMulticaster.doInvokeListener(SimpleApplicationEventMulticaster.java:176) ~[spring-context-5.3.27.jar:5.3.27]
	at org.springframework.context.event.SimpleApplicationEventMulticaster.invokeListener(SimpleApplicationEventMulticaster.java:169) ~[spring-context-5.3.27.jar:5.3.27]
	at org.springframework.context.event.SimpleApplicationEventMulticaster.multicastEvent(SimpleApplicationEventMulticaster.java:143) ~[spring-context-5.3.27.jar:5.3.27]
	at org.springframework.context.event.SimpleApplicationEventMulticaster.multicastEvent(SimpleApplicationEventMulticaster.java:131) ~[spring-context-5.3.27.jar:5.3.27]
	at org.springframework.boot.context.event.EventPublishingRunListener.environmentPrepared(EventPublishingRunListener.java:85) ~[spring-boot-2.7.11.jar:2.7.11]
	at org.springframework.boot.SpringApplicationRunListeners.lambda$environmentPrepared$2(SpringApplicationRunListeners.java:66) ~[spring-boot-2.7.11.jar:2.7.11]
	at java.util.ArrayList.forEach(ArrayList.java:1259) ~[na:1.8.0_351]
	at org.springframework.boot.SpringApplicationRunListeners.doWithListeners(SpringApplicationRunListeners.java:120) ~[spring-boot-2.7.11.jar:2.7.11]
	at org.springframework.boot.SpringApplicationRunListeners.doWithListeners(SpringApplicationRunListeners.java:114) ~[spring-boot-2.7.11.jar:2.7.11]
	at org.springframework.boot.SpringApplicationRunListeners.environmentPrepared(SpringApplicationRunListeners.java:65) ~[spring-boot-2.7.11.jar:2.7.11]
	at org.springframework.boot.SpringApplication.prepareEnvironment(SpringApplication.java:343) [spring-boot-2.7.11.jar:2.7.11]
	at org.springframework.boot.SpringApplication.run(SpringApplication.java:301) [spring-boot-2.7.11.jar:2.7.11]
	at org.springframework.boot.SpringApplication.run(SpringApplication.java:1303) [spring-boot-2.7.11.jar:2.7.11]
	at org.springframework.boot.SpringApplication.run(SpringApplication.java:1292) [spring-boot-2.7.11.jar:2.7.11]
	at com.fyd.demo.DemoApplication.main(DemoApplication.java:11) [classes/:na]
	at sun.reflect.NativeMethodAccessorImpl.invoke0(Native Method) ~[na:1.8.0_351]
	at sun.reflect.NativeMethodAccessorImpl.invoke(NativeMethodAccessorImpl.java:62) ~[na:1.8.0_351]
	at sun.reflect.DelegatingMethodAccessorImpl.invoke(DelegatingMethodAccessorImpl.java:43) ~[na:1.8.0_351]
	at java.lang.reflect.Method.invoke(Method.java:498) ~[na:1.8.0_351]
	at org.springframework.boot.devtools.restart.RestartLauncher.run(RestartLauncher.java:49) [spring-boot-devtools-2.7.11.jar:2.7.11]

2023-05-03 00:42:34.355  INFO 1776 --- [restartedMain] com.fyd.demo.DemoApplication             : Starting DemoApplication using Java 1.8.0_351 on qqq with PID 1776 (C:\code\bitjava\spring\springboot-demo\target\classes started by 33275 in C:\code\bitjava\spring\springboot-demo)
2023-05-03 00:42:34.356  INFO 1776 --- [restartedMain] com.fyd.demo.DemoApplication             : The following 1 profile is active: "dev"
2023-05-03 00:42:34.416  INFO 1776 --- [restartedMain] o.s.b.w.embedded.tomcat.TomcatWebServer  : Tomcat initialized with port(s): 8888 (http)
2023-05-03 00:42:34.417  INFO 1776 --- [restartedMain] o.a.catalina.core.AprLifecycleListener   : Loaded Apache Tomcat Native library [1.2.35] using APR version [1.7.0].
2023-05-03 00:42:34.417  INFO 1776 --- [restartedMain] o.a.catalina.core.AprLifecycleListener   : APR capabilities: IPv6 [true], sendfile [true], accept filters [false], random [true], UDS [true].
2023-05-03 00:42:34.417  INFO 1776 --- [restartedMain] o.a.catalina.core.AprLifecycleListener   : APR/OpenSSL configuration: useAprConnector [false], useOpenSSL [true]
2023-05-03 00:42:34.417  INFO 1776 --- [restartedMain] o.a.catalina.core.AprLifecycleListener   : OpenSSL successfully initialized [OpenSSL 1.1.1q  5 Jul 2022]
2023-05-03 00:42:34.417  INFO 1776 --- [restartedMain] o.apache.catalina.core.StandardService   : Starting service [Tomcat]
2023-05-03 00:42:34.417  INFO 1776 --- [restartedMain] org.apache.catalina.core.StandardEngine  : Starting Servlet engine: [Apache Tomcat/9.0.74]
2023-05-03 00:42:34.422  INFO 1776 --- [restartedMain] o.a.c.c.C.[Tomcat].[localhost].[/]       : Initializing Spring embedded WebApplicationContext
2023-05-03 00:42:34.422  INFO 1776 --- [restartedMain] w.s.c.ServletWebServerApplicationContext : Root WebApplicationContext: initialization completed in 65 ms
2023-05-03 00:42:34.448  INFO 1776 --- [restartedMain] o.s.b.d.a.OptionalLiveReloadServer       : LiveReload server is running on port 35729
2023-05-03 00:42:34.451  INFO 1776 --- [restartedMain] o.s.b.w.embedded.tomcat.TomcatWebServer  : Tomcat started on port(s): 8888 (http) with context path ''
2023-05-03 00:42:34.453  INFO 1776 --- [restartedMain] com.fyd.demo.DemoApplication             : Started DemoApplication in 0.113 seconds (JVM running for 5035.244)
2023-05-03 00:42:34.453  INFO 1776 --- [restartedMain] .ConditionEvaluationDeltaLoggingListener : Condition evaluation unchanged
2023-05-03 00:46:43.510  INFO 1776 --- [File Watcher] rtingClassPathChangeChangedEventListener : Restarting due to 1 class path change (1 addition, 0 deletions, 0 modifications)
2023-05-03 00:46:43.597  INFO 1776 --- [Thread-16] o.apache.catalina.core.StandardService   : Stopping service [Tomcat]
2023-05-03 00:46:43.695  INFO 1776 --- [restartedMain] com.fyd.demo.DemoApplication             : Starting DemoApplication using Java 1.8.0_351 on qqq with PID 1776 (C:\code\bitjava\spring\springboot-demo\target\classes started by 33275 in C:\code\bitjava\spring\springboot-demo)
2023-05-03 00:46:43.695  INFO 1776 --- [restartedMain] com.fyd.demo.DemoApplication             : The following 1 profile is active: "dev"
2023-05-03 00:46:43.757  INFO 1776 --- [restartedMain] o.s.b.w.embedded.tomcat.TomcatWebServer  : Tomcat initialized with port(s): 8888 (http)
2023-05-03 00:46:43.757  INFO 1776 --- [restartedMain] o.a.catalina.core.AprLifecycleListener   : Loaded Apache Tomcat Native library [1.2.35] using APR version [1.7.0].
2023-05-03 00:46:43.757  INFO 1776 --- [restartedMain] o.a.catalina.core.AprLifecycleListener   : APR capabilities: IPv6 [true], sendfile [true], accept filters [false], random [true], UDS [true].
2023-05-03 00:46:43.757  INFO 1776 --- [restartedMain] o.a.catalina.core.AprLifecycleListener   : APR/OpenSSL configuration: useAprConnector [false], useOpenSSL [true]
2023-05-03 00:46:43.758  INFO 1776 --- [restartedMain] o.a.catalina.core.AprLifecycleListener   : OpenSSL successfully initialized [OpenSSL 1.1.1q  5 Jul 2022]
2023-05-03 00:46:43.758  INFO 1776 --- [restartedMain] o.apache.catalina.core.StandardService   : Starting service [Tomcat]
2023-05-03 00:46:43.758  INFO 1776 --- [restartedMain] org.apache.catalina.core.StandardEngine  : Starting Servlet engine: [Apache Tomcat/9.0.74]
2023-05-03 00:46:43.763  INFO 1776 --- [restartedMain] o.a.c.c.C.[Tomcat].[localhost].[/]       : Initializing Spring embedded WebApplicationContext
2023-05-03 00:46:43.763  INFO 1776 --- [restartedMain] w.s.c.ServletWebServerApplicationContext : Root WebApplicationContext: initialization completed in 66 ms
2023-05-03 00:46:43.787  INFO 1776 --- [restartedMain] o.s.b.d.a.OptionalLiveReloadServer       : LiveReload server is running on port 35729
2023-05-03 00:46:43.790  INFO 1776 --- [restartedMain] o.s.b.w.embedded.tomcat.TomcatWebServer  : Tomcat started on port(s): 8888 (http) with context path ''
2023-05-03 00:46:43.792  INFO 1776 --- [restartedMain] com.fyd.demo.DemoApplication             : Started DemoApplication in 0.11 seconds (JVM running for 5284.583)
2023-05-03 00:46:43.792  INFO 1776 --- [restartedMain] .ConditionEvaluationDeltaLoggingListener : Condition evaluation unchanged
2023-05-03 00:47:46.098  INFO 1776 --- [File Watcher] rtingClassPathChangeChangedEventListener : Restarting due to 1 class path change (0 additions, 1 deletion, 0 modifications)
2023-05-03 00:47:46.204  INFO 1776 --- [Thread-22] o.apache.catalina.core.StandardService   : Stopping service [Tomcat]
2023-05-03 00:47:46.278  INFO 1776 --- [restartedMain] com.fyd.demo.DemoApplication             : Starting DemoApplication using Java 1.8.0_351 on qqq with PID 1776 (C:\code\bitjava\spring\springboot-demo\target\classes started by 33275 in C:\code\bitjava\spring\springboot-demo)
2023-05-03 00:47:46.278  INFO 1776 --- [restartedMain] com.fyd.demo.DemoApplication             : The following 1 profile is active: "dev"
2023-05-03 00:47:46.368  INFO 1776 --- [restartedMain] o.s.b.w.embedded.tomcat.TomcatWebServer  : Tomcat initialized with port(s): 8888 (http)
2023-05-03 00:47:46.368  INFO 1776 --- [restartedMain] o.a.catalina.core.AprLifecycleListener   : Loaded Apache Tomcat Native library [1.2.35] using APR version [1.7.0].
2023-05-03 00:47:46.368  INFO 1776 --- [restartedMain] o.a.catalina.core.AprLifecycleListener   : APR capabilities: IPv6 [true], sendfile [true], accept filters [false], random [true], UDS [true].
2023-05-03 00:47:46.368  INFO 1776 --- [restartedMain] o.a.catalina.core.AprLifecycleListener   : APR/OpenSSL configuration: useAprConnector [false], useOpenSSL [true]
2023-05-03 00:47:46.368  INFO 1776 --- [restartedMain] o.a.catalina.core.AprLifecycleListener   : OpenSSL successfully initialized [OpenSSL 1.1.1q  5 Jul 2022]
2023-05-03 00:47:46.368  INFO 1776 --- [restartedMain] o.apache.catalina.core.StandardService   : Starting service [Tomcat]
2023-05-03 00:47:46.368  INFO 1776 --- [restartedMain] org.apache.catalina.core.StandardEngine  : Starting Servlet engine: [Apache Tomcat/9.0.74]
2023-05-03 00:47:46.374  INFO 1776 --- [restartedMain] o.a.c.c.C.[Tomcat].[localhost].[/]       : Initializing Spring embedded WebApplicationContext
2023-05-03 00:47:46.374  INFO 1776 --- [restartedMain] w.s.c.ServletWebServerApplicationContext : Root WebApplicationContext: initialization completed in 95 ms
2023-05-03 00:47:46.406  INFO 1776 --- [restartedMain] o.s.b.d.a.OptionalLiveReloadServer       : LiveReload server is running on port 35729
2023-05-03 00:47:46.411  INFO 1776 --- [restartedMain] o.s.b.w.embedded.tomcat.TomcatWebServer  : Tomcat started on port(s): 8888 (http) with context path ''
2023-05-03 00:47:46.414  INFO 1776 --- [restartedMain] com.fyd.demo.DemoApplication             : Started DemoApplication in 0.156 seconds (JVM running for 5347.205)
2023-05-03 00:47:46.414  INFO 1776 --- [restartedMain] .ConditionEvaluationDeltaLoggingListener : Condition evaluation unchanged
2023-05-03 00:47:47.832  INFO 1776 --- [File Watcher] rtingClassPathChangeChangedEventListener : Restarting due to 1 class path change (1 addition, 0 deletions, 0 modifications)
2023-05-03 00:47:47.917  INFO 1776 --- [Thread-26] o.apache.catalina.core.StandardService   : Stopping service [Tomcat]
2023-05-03 00:47:47.972  INFO 1776 --- [restartedMain] com.fyd.demo.DemoApplication             : Starting DemoApplication using Java 1.8.0_351 on qqq with PID 1776 (C:\code\bitjava\spring\springboot-demo\target\classes started by 33275 in C:\code\bitjava\spring\springboot-demo)
2023-05-03 00:47:47.972  INFO 1776 --- [restartedMain] com.fyd.demo.DemoApplication             : The following 1 profile is active: "dev"
2023-05-03 00:47:48.035  INFO 1776 --- [restartedMain] o.s.b.w.embedded.tomcat.TomcatWebServer  : Tomcat initialized with port(s): 8888 (http)
2023-05-03 00:47:48.035  INFO 1776 --- [restartedMain] o.a.catalina.core.AprLifecycleListener   : Loaded Apache Tomcat Native library [1.2.35] using APR version [1.7.0].
2023-05-03 00:47:48.035  INFO 1776 --- [restartedMain] o.a.catalina.core.AprLifecycleListener   : APR capabilities: IPv6 [true], sendfile [true], accept filters [false], random [true], UDS [true].
2023-05-03 00:47:48.035  INFO 1776 --- [restartedMain] o.a.catalina.core.AprLifecycleListener   : APR/OpenSSL configuration: useAprConnector [false], useOpenSSL [true]
2023-05-03 00:47:48.035  INFO 1776 --- [restartedMain] o.a.catalina.core.AprLifecycleListener   : OpenSSL successfully initialized [OpenSSL 1.1.1q  5 Jul 2022]
2023-05-03 00:47:48.036  INFO 1776 --- [restartedMain] o.apache.catalina.core.StandardService   : Starting service [Tomcat]
2023-05-03 00:47:48.036  INFO 1776 --- [restartedMain] org.apache.catalina.core.StandardEngine  : Starting Servlet engine: [Apache Tomcat/9.0.74]
2023-05-03 00:47:48.041  INFO 1776 --- [restartedMain] o.a.c.c.C.[Tomcat].[localhost].[/]       : Initializing Spring embedded WebApplicationContext
2023-05-03 00:47:48.041  INFO 1776 --- [restartedMain] w.s.c.ServletWebServerApplicationContext : Root WebApplicationContext: initialization completed in 68 ms
2023-05-03 00:47:48.067  INFO 1776 --- [restartedMain] o.s.b.d.a.OptionalLiveReloadServer       : LiveReload server is running on port 35729
2023-05-03 00:47:48.070  INFO 1776 --- [restartedMain] o.s.b.w.embedded.tomcat.TomcatWebServer  : Tomcat started on port(s): 8888 (http) with context path ''
2023-05-03 00:47:48.072  INFO 1776 --- [restartedMain] com.fyd.demo.DemoApplication             : Started DemoApplication in 0.111 seconds (JVM running for 5348.862)
2023-05-03 00:47:48.072  INFO 1776 --- [restartedMain] .ConditionEvaluationDeltaLoggingListener : Condition evaluation unchanged
2023-05-03 00:47:49.582  INFO 1776 --- [http-nio-8888-exec-1] o.a.c.c.C.[Tomcat].[localhost].[/]       : Initializing Spring DispatcherServlet 'dispatcherServlet'
2023-05-03 00:47:49.582  INFO 1776 --- [http-nio-8888-exec-1] o.s.web.servlet.DispatcherServlet        : Initializing Servlet 'dispatcherServlet'
2023-05-03 00:47:49.583  INFO 1776 --- [http-nio-8888-exec-1] o.s.web.servlet.DispatcherServlet        : Completed initialization in 1 ms
2023-05-03 00:47:49.583  INFO 1776 --- [http-nio-8888-exec-1] com.fyd.demo.StuController               : hi,stu,i am info
2023-05-03 00:47:55.131  INFO 1776 --- [http-nio-8888-exec-2] com.fyd.demo.StuController               : hi,stu,i am info
2023-05-03 00:48:23.012  INFO 1776 --- [http-nio-8888-exec-3] com.fyd.demo.StuController               : hi,stu,i am info
2023-05-03 00:50:36.696  INFO 1776 --- [http-nio-8888-exec-6] com.fyd.demo.StuController               : hi,stu,i am info
2023-05-03 00:50:37.285  INFO 1776 --- [File Watcher] rtingClassPathChangeChangedEventListener : Restarting due to 1 class path change (0 additions, 0 deletions, 1 modification)
2023-05-03 00:50:37.371  INFO 1776 --- [Thread-30] o.apache.catalina.core.StandardService   : Stopping service [Tomcat]
2023-05-03 00:50:37.372  INFO 1776 --- [Thread-30] o.a.c.c.C.[Tomcat].[localhost].[/]       : Destroying Spring FrameworkServlet 'dispatcherServlet'
2023-05-03 00:50:37.440  INFO 1776 --- [restartedMain] com.fyd.demo.DemoApplication             : Starting DemoApplication using Java 1.8.0_351 on qqq with PID 1776 (C:\code\bitjava\spring\springboot-demo\target\classes started by 33275 in C:\code\bitjava\spring\springboot-demo)
2023-05-03 00:50:37.440  INFO 1776 --- [restartedMain] com.fyd.demo.DemoApplication             : The following 1 profile is active: "dev"
2023-05-03 00:50:37.497  INFO 1776 --- [restartedMain] o.s.b.w.embedded.tomcat.TomcatWebServer  : Tomcat initialized with port(s): 8888 (http)
2023-05-03 00:50:37.497  INFO 1776 --- [restartedMain] o.a.catalina.core.AprLifecycleListener   : Loaded Apache Tomcat Native library [1.2.35] using APR version [1.7.0].
2023-05-03 00:50:37.497  INFO 1776 --- [restartedMain] o.a.catalina.core.AprLifecycleListener   : APR capabilities: IPv6 [true], sendfile [true], accept filters [false], random [true], UDS [true].
2023-05-03 00:50:37.497  INFO 1776 --- [restartedMain] o.a.catalina.core.AprLifecycleListener   : APR/OpenSSL configuration: useAprConnector [false], useOpenSSL [true]
2023-05-03 00:50:37.497  INFO 1776 --- [restartedMain] o.a.catalina.core.AprLifecycleListener   : OpenSSL successfully initialized [OpenSSL 1.1.1q  5 Jul 2022]
2023-05-03 00:50:37.497  INFO 1776 --- [restartedMain] o.apache.catalina.core.StandardService   : Starting service [Tomcat]
2023-05-03 00:50:37.497  INFO 1776 --- [restartedMain] org.apache.catalina.core.StandardEngine  : Starting Servlet engine: [Apache Tomcat/9.0.74]
2023-05-03 00:50:37.501  INFO 1776 --- [restartedMain] o.a.c.c.C.[Tomcat].[localhost].[/]       : Initializing Spring embedded WebApplicationContext
2023-05-03 00:50:37.501  INFO 1776 --- [restartedMain] w.s.c.ServletWebServerApplicationContext : Root WebApplicationContext: initialization completed in 60 ms
2023-05-03 00:50:37.521  INFO 1776 --- [restartedMain] o.s.b.d.a.OptionalLiveReloadServer       : LiveReload server is running on port 35729
2023-05-03 00:50:37.522  INFO 1776 --- [restartedMain] o.s.b.w.embedded.tomcat.TomcatWebServer  : Tomcat started on port(s): 8888 (http) with context path ''
2023-05-03 00:50:37.525  INFO 1776 --- [restartedMain] com.fyd.demo.DemoApplication             : Started DemoApplication in 0.097 seconds (JVM running for 5518.316)
2023-05-03 00:50:37.525  INFO 1776 --- [restartedMain] .ConditionEvaluationDeltaLoggingListener : Condition evaluation unchanged
2023-05-03 00:50:38.988  INFO 1776 --- [http-nio-8888-exec-1] o.a.c.c.C.[Tomcat].[localhost].[/]       : Initializing Spring DispatcherServlet 'dispatcherServlet'
2023-05-03 00:50:38.988  INFO 1776 --- [http-nio-8888-exec-1] o.s.web.servlet.DispatcherServlet        : Initializing Servlet 'dispatcherServlet'
2023-05-03 00:50:38.988  INFO 1776 --- [http-nio-8888-exec-1] o.s.web.servlet.DispatcherServlet        : Completed initialization in 0 ms
2023-05-03 00:50:38.989  INFO 1776 --- [http-nio-8888-exec-1] com.fyd.demo.StuController               : hi,stu,i am info
